Arguments: 
  C:\Program Files\nodejs\node.exe C:\Program Files (x86)\Yarn\bin\yarn.js add react-native-webview

PATH: 
  C:\Program Files (x86)\Common Files\Oracle\Java\javapath;C:\Python27\;C:\Python27\Scripts;C:\WINDOWS\system32;C:\WINDOWS;C:\WINDOWS\System32\Wbem;C:\WINDOWS\System32\WindowsPowerShell\v1.0\;C:\WINDOWS\System32\OpenSSH\;C:\Users\jeet3\AppData\Local\Programs\Python\Python37-32\Lib;C:\Program Files\NVIDIA Corporation\NVIDIA NvDLISR;C:\Program Files (x86)\NVIDIA Corporation\PhysX\Common;C:\WINDOWS\system32;C:\WINDOWS;C:\WINDOWS\System32\Wbem;C:\WINDOWS\System32\WindowsPowerShell\v1.0\;C:\WINDOWS\System32\OpenSSH\;C:\ProgramData\chocolatey\bin;C:\Program Files\nodejs\;C:\openssl-0.9.8k_WIN32\bin;C:\Program Files\Git\cmd;C:\Program Files (x86)\Yarn\bin\;C:\Users\jeet3\AppData\Local\Android\Sdk\tools;C:\adb;C:\Users\jeet3\AppData\Local\Android\Sdk\platform-tools;F:\adb;C:\Users\jeet3\AppData\Local\Programs\Python\Python37-32\Scripts\;C:\Users\jeet3\AppData\Local\Programs\Python\Python37-32\;C:\Users\jeet3\AppData\Local\Microsoft\WindowsApps;C:\Program Files\JetBrains\PyCharm Community Edition 2019.1.3\bin;C:\Program Files\Java\jdk1.8.0_171\bin;C:\Users\jeet3\AppData\Roaming\npm;C:\Program Files\Java\jdk1.8.0_171\bin;C:\Users\jeet3\AppData\Local\Android\Sdk;C:\Users\jeet3\AppData\Local\Programs\Microsoft VS Code\bin;C:\Users\jeet3\AppData\Local\GitHubDesktop\bin;C:\openssl-0.9.8k_WIN32\bin;C:\Users\jeet3\AppData\Local\Yarn\bin;C:\adb;C:\Users\jeet3\AppData\Local\Android\Sdk\platform-tools;F:\adb;

Yarn version: 
  1.22.4

Node version: 
  12.13.1

Platform: 
  win32 x64

Trace: 
  Error: connect EHOSTUNREACH 104.16.25.35:443
      at TCPConnectWrap.afterConnect [as oncomplete] (net.js:1129:14)

npm manifest: 
  {
    "main": "node_modules/expo/AppEntry.js",
    "scripts": {
      "start": "expo start",
      "android": "expo start --android",
      "ios": "expo start --ios",
      "web": "expo start --web",
      "eject": "expo eject"
    },
    "dependencies": {
      "@expo/vector-icons": "^10.0.6",
      "@react-native-community/masked-view": "0.1.5",
      "@react-navigation/bottom-tabs": "^5.2.5",
      "@react-navigation/material-bottom-tabs": "^5.1.7",
      "@react-navigation/material-top-tabs": "^5.1.7",
      "@react-navigation/native": "^5.1.4",
      "@react-navigation/stack": "^5.2.9",
      "expo": "^36.0.2",
      "expo-font": "^8.0.0",
      "firebase": "^7.9.1",
      "native-base": "^2.13.8",
      "react": "~16.9.0",
      "react-dom": "~16.9.0",
      "react-native": "https://github.com/expo/react-native/archive/sdk-36.0.0.tar.gz",
      "react-native-floating-action": "^1.20.0",
      "react-native-gesture-handler": "~1.5.0",
      "react-native-material-design": "^0.3.7",
      "react-native-multiple-select": "^0.5.5",
      "react-native-paper": "^3.6.0",
      "react-native-reanimated": "~1.4.0",
      "react-native-safe-area-context": "0.6.0",
      "react-native-safe-area-view": "^1.0.0",
      "react-native-screens": "2.0.0-alpha.12",
      "react-native-tab-view": "^2.13.0",
      "react-native-web": "~0.11.7",
      "react-navigation": "^4.3.6",
      "react-navigation-material-bottom-tabs": "^2.2.9",
      "react-navigation-stack": "^2.1.1",
      "react-navigation-tabs": "^2.8.10"
    },
    "devDependencies": {
      "babel-preset-expo": "~8.0.0",
      "@babel/core": "^7.0.0"
    },
    "private": true
  }

yarn manifest: 
  No manifest

Lockfile: 
  No lockfile
